<?xml version="1.0" encoding="UTF-8"?>
<!-- Generated by org.testng.reporters.JUnitReportReporter -->
<testsuite skipped="0" hostname="ITT-Kumar-San" name="com.amazon.qa.testcases.LoginPageTest" tests="2" failures="0" timestamp="2021-04-22T19:51:11 IST" time="34.733" errors="0">
  <testcase name="verifyLoginPageTitle" time="18.331" classname="com.amazon.qa.testcases.LoginPageTest"/>
  <system-out/>
  <testcase name="loginTest" time="16.402" classname="com.amazon.qa.testcases.LoginPageTest"/>
  <system-out/>
</testsuite> <!-- com.amazon.qa.testcases.LoginPageTest -->
