<?xml version="1.0" encoding="UTF-8"?>
<!-- Generated by org.testng.reporters.JUnitReportReporter -->
<testsuite skipped="0" hostname="ITT-Kumar-San" name="com.amazon.qa.testcases.LoginPageTest" tests="2" failures="0" timestamp="2021-04-22T20:19:50 IST" time="31.987" errors="0">
  <testcase name="verifyLoginPageTitle" time="12.520" classname="com.amazon.qa.testcases.LoginPageTest"/>
  <system-out/>
  <testcase name="loginTest" time="19.467" classname="com.amazon.qa.testcases.LoginPageTest"/>
  <system-out/>
</testsuite> <!-- com.amazon.qa.testcases.LoginPageTest -->
