<?xml version="1.0" encoding="UTF-8"?>
<!-- Generated by org.testng.reporters.JUnitReportReporter -->
<testsuite skipped="0" hostname="ITT-Kumar-San" name="com.amazon.qa.testcases.LoginPageTest" tests="2" failures="0" timestamp="2021-04-21T14:20:31 IST" time="38.143" errors="0">
  <testcase name="verifyLoginPageTitle" time="14.377" classname="com.amazon.qa.testcases.LoginPageTest"/>
  <system-out/>
  <testcase name="loginTest" time="23.766" classname="com.amazon.qa.testcases.LoginPageTest"/>
  <system-out/>
</testsuite> <!-- com.amazon.qa.testcases.LoginPageTest -->
